2019-03-29 07:54:47,015 set-fi lra-coordinator-runner.jar[2688] WARN  [org.jbo.res.res.i18n] (main) RESTEASY002175: The use of javax.ws.rs.core.Application is deprecated, please use javax.ws.rs.Application as a context-param instead
2019-03-29 07:54:47,116 set-fi lra-coordinator-runner.jar[2688] DEBUG [org.jbo.res.res.i18n] (main) RESTEASY002225: Deploying javax.ws.rs.core.Application: class io.narayana.lra.coordinator.api.JaxRsActivator
2019-03-29 07:54:47,247 set-fi lra-coordinator-runner.jar[2688] DEBUG [org.xnio] (main) XNIO version 3.7.0.Final
2019-03-29 07:54:47,258 set-fi lra-coordinator-runner.jar[2688] DEBUG [org.xni.nio] (main) XNIO NIO Implementation Version 3.7.0.Final
2019-03-29 07:54:47,307 set-fi lra-coordinator-runner.jar[2688] DEBUG [org.jbo.threads] (main) JBoss Threads version 3.0.0.Alpha4
2019-03-29 07:54:47,351 set-fi lra-coordinator-runner.jar[2688] INFO  [io.quarkus] (main) Quarkus 0.12.0 started in 0.721s. Listening on: http://[::]:8080
2019-03-29 07:54:47,351 set-fi lra-coordinator-runner.jar[2688] INFO  [io.quarkus] (main) Installed features: [cdi, resteasy, resteasy-jsonb]
2019-03-29 07:54:53,855 set-fi lra-coordinator-runner.jar[2688] INFO  [com.arj.ats.arjuna] (XNIO-1 task-1) ARJUNA012170: TransactionStatusManager started on port 43113 and host 127.0.0.1 with service com.arjuna.ats.arjuna.recovery.ActionStatusService
2019-03-29 07:54:53,873 set-fi lra-coordinator-runner.jar[2688] ERROR [io.und.request] (XNIO-1 task-1) UT005023: Exception handling request to /lra-coordinator/start: org.jboss.resteasy.spi.UnhandledException: java.lang.NullPointerException
	at org.jboss.resteasy.core.ExceptionHandler.handleApplicationException(ExceptionHandler.java:103)
	at org.jboss.resteasy.core.ExceptionHandler.handleException(ExceptionHandler.java:323)
	at org.jboss.resteasy.core.SynchronousDispatcher.writeException(SynchronousDispatcher.java:209)
	at org.jboss.resteasy.core.SynchronousDispatcher.invoke(SynchronousDispatcher.java:495)
	at org.jboss.resteasy.core.SynchronousDispatcher.lambda$invoke$4(SynchronousDispatcher.java:252)
	at org.jboss.resteasy.core.SynchronousDispatcher.lambda$preprocess$0(SynchronousDispatcher.java:153)
	at org.jboss.resteasy.core.interception.jaxrs.PreMatchContainerRequestContext.filter(PreMatchContainerRequestContext.java:362)
	at org.jboss.resteasy.core.SynchronousDispatcher.preprocess(SynchronousDispatcher.java:156)
	at org.jboss.resteasy.core.SynchronousDispatcher.invoke(SynchronousDispatcher.java:238)
	at org.jboss.resteasy.plugins.server.servlet.ServletContainerDispatcher.service(ServletContainerDispatcher.java:229)
	at io.quarkus.resteasy.runtime.ResteasyFilter.doFilter(ResteasyFilter.java:45)
	at io.undertow.servlet.core.ManagedFilter.doFilter(ManagedFilter.java:61)
	at io.undertow.servlet.handlers.FilterHandler$FilterChainImpl.doFilter(FilterHandler.java:131)
	at io.undertow.servlet.handlers.FilterHandler.handleRequest(FilterHandler.java:84)
	at io.undertow.servlet.handlers.security.ServletSecurityRoleHandler.handleRequest(ServletSecurityRoleHandler.java:62)
	at io.undertow.servlet.handlers.ServletChain$1.handleRequest(ServletChain.java:68)
	at io.undertow.servlet.handlers.ServletDispatchingHandler.handleRequest(ServletDispatchingHandler.java:36)
	at io.undertow.servlet.handlers.security.SSLInformationAssociationHandler.handleRequest(SSLInformationAssociationHandler.java:132)
	at io.undertow.servlet.handlers.security.ServletAuthenticationCallHandler.handleRequest(ServletAuthenticationCallHandler.java:57)
	at io.undertow.server.handlers.PredicateHandler.handleRequest(PredicateHandler.java:43)
	at io.undertow.security.handlers.AbstractConfidentialityHandler.handleRequest(AbstractConfidentialityHandler.java:46)
	at io.undertow.servlet.handlers.security.ServletConfidentialityConstraintHandler.handleRequest(ServletConfidentialityConstraintHandler.java:64)
	at io.undertow.security.handlers.AuthenticationMechanismsHandler.handleRequest(AuthenticationMechanismsHandler.java:60)
	at io.undertow.servlet.handlers.security.CachedAuthenticatedSessionHandler.handleRequest(CachedAuthenticatedSessionHandler.java:77)
	at io.undertow.security.handlers.AbstractSecurityContextAssociationHandler.handleRequest(AbstractSecurityContextAssociationHandler.java:43)
	at io.undertow.server.handlers.PredicateHandler.handleRequest(PredicateHandler.java:43)
	at io.undertow.server.handlers.PredicateHandler.handleRequest(PredicateHandler.java:43)
	at io.undertow.servlet.handlers.ServletInitialHandler.handleFirstRequest(ServletInitialHandler.java:292)
	at io.undertow.servlet.handlers.ServletInitialHandler.access$100(ServletInitialHandler.java:81)
	at io.undertow.servlet.handlers.ServletInitialHandler$2.call(ServletInitialHandler.java:138)
	at io.undertow.servlet.handlers.ServletInitialHandler$2.call(ServletInitialHandler.java:135)
	at io.undertow.servlet.core.ServletRequestContextThreadSetupAction$1.call(ServletRequestContextThreadSetupAction.java:48)
	at io.undertow.servlet.core.ContextClassLoaderSetupAction$1.call(ContextClassLoaderSetupAction.java:43)
	at io.quarkus.undertow.runtime.UndertowDeploymentTemplate$7$1$1.call(UndertowDeploymentTemplate.java:415)
	at io.undertow.servlet.handlers.ServletInitialHandler.dispatchRequest(ServletInitialHandler.java:272)
	at io.undertow.servlet.handlers.ServletInitialHandler.access$000(ServletInitialHandler.java:81)
	at io.undertow.servlet.handlers.ServletInitialHandler$1.handleRequest(ServletInitialHandler.java:104)
	at io.undertow.server.Connectors.executeRootHandler(Connectors.java:364)
	at io.undertow.server.HttpServerExchange$1.run(HttpServerExchange.java:830)
	at org.jboss.threads.ContextClassLoaderSavingRunnable.run(ContextClassLoaderSavingRunnable.java:35)
	at org.jboss.threads.EnhancedQueueExecutor.safeRun(EnhancedQueueExecutor.java:1998)
	at org.jboss.threads.EnhancedQueueExecutor$ThreadBody.doRunTask(EnhancedQueueExecutor.java:1525)
	at org.jboss.threads.EnhancedQueueExecutor$ThreadBody.run(EnhancedQueueExecutor.java:1382)
	at java.lang.Thread.run(Thread.java:748)
Caused by: java.lang.NullPointerException
	at io.narayana.lra.coordinator.api.Current.push(Current.java:128)
	at io.narayana.lra.coordinator.api.Current_ClientProxy.push(Unknown Source)
	at io.narayana.lra.coordinator.api.Coordinator.startLRA(Coordinator.java:273)
	at io.narayana.lra.coordinator.api.Coordinator_ClientProxy.startLRA(Unknown Source)
	at sun.reflect.NativeMethodAccessorImpl.invoke0(Native Method)
	at sun.reflect.NativeMethodAccessorImpl.invoke(NativeMethodAccessorImpl.java:62)
	at sun.reflect.DelegatingMethodAccessorImpl.invoke(DelegatingMethodAccessorImpl.java:43)
	at java.lang.reflect.Method.invoke(Method.java:498)
	at org.jboss.resteasy.core.MethodInjectorImpl.invoke(MethodInjectorImpl.java:152)
	at org.jboss.resteasy.core.MethodInjectorImpl.lambda$invoke$3(MethodInjectorImpl.java:123)
	at java.util.concurrent.CompletableFuture.uniApply(CompletableFuture.java:602)
	at java.util.concurrent.CompletableFuture.uniApplyStage(CompletableFuture.java:614)
	at java.util.concurrent.CompletableFuture.thenApply(CompletableFuture.java:1983)
	at java.util.concurrent.CompletableFuture.thenApply(CompletableFuture.java:110)
	at org.jboss.resteasy.core.MethodInjectorImpl.invoke(MethodInjectorImpl.java:123)
	at org.jboss.resteasy.core.ResourceMethodInvoker.internalInvokeOnTarget(ResourceMethodInvoker.java:543)
	at org.jboss.resteasy.core.ResourceMethodInvoker.invokeOnTargetAfterFilter(ResourceMethodInvoker.java:418)
	at org.jboss.resteasy.core.ResourceMethodInvoker.lambda$invokeOnTarget$2(ResourceMethodInvoker.java:372)
	at org.jboss.resteasy.core.interception.jaxrs.PreMatchContainerRequestContext.filter(PreMatchContainerRequestContext.java:362)
	at org.jboss.resteasy.core.ResourceMethodInvoker.invokeOnTarget(ResourceMethodInvoker.java:374)
	at org.jboss.resteasy.core.ResourceMethodInvoker.invoke(ResourceMethodInvoker.java:343)
	at org.jboss.resteasy.core.ResourceMethodInvoker.lambda$invoke$1(ResourceMethodInvoker.java:317)
	at java.util.concurrent.CompletableFuture.uniComposeStage(CompletableFuture.java:981)
	at java.util.concurrent.CompletableFuture.thenCompose(CompletableFuture.java:2124)
	at java.util.concurrent.CompletableFuture.thenCompose(CompletableFuture.java:110)
	at org.jboss.resteasy.core.ResourceMethodInvoker.invoke(ResourceMethodInvoker.java:317)
	at org.jboss.resteasy.core.SynchronousDispatcher.invoke(SynchronousDispatcher.java:476)
	... 40 more

2019-03-29 07:55:15,278 set-fi lra-coordinator-runner.jar[2688] INFO  [io.quarkus] (main) Quarkus stopped in 0.013s
2019-03-29 07:55:48,546 set-fi lra-coordinator-runner.jar[3090] WARN  [org.jbo.res.res.i18n] (main) RESTEASY002175: The use of javax.ws.rs.core.Application is deprecated, please use javax.ws.rs.Application as a context-param instead
2019-03-29 07:55:48,647 set-fi lra-coordinator-runner.jar[3090] DEBUG [org.jbo.res.res.i18n] (main) RESTEASY002225: Deploying javax.ws.rs.core.Application: class io.narayana.lra.coordinator.api.JaxRsActivator
2019-03-29 07:55:48,793 set-fi lra-coordinator-runner.jar[3090] DEBUG [org.xnio] (main) XNIO version 3.7.0.Final
2019-03-29 07:55:48,808 set-fi lra-coordinator-runner.jar[3090] DEBUG [org.xni.nio] (main) XNIO NIO Implementation Version 3.7.0.Final
2019-03-29 07:55:48,859 set-fi lra-coordinator-runner.jar[3090] DEBUG [org.jbo.threads] (main) JBoss Threads version 3.0.0.Alpha4
2019-03-29 07:55:48,904 set-fi lra-coordinator-runner.jar[3090] INFO  [io.quarkus] (main) Quarkus 0.12.0 started in 0.765s. Listening on: http://[::]:8080
2019-03-29 07:55:48,905 set-fi lra-coordinator-runner.jar[3090] INFO  [io.quarkus] (main) Installed features: [cdi, resteasy, resteasy-jsonb]
2019-03-29 07:55:50,670 set-fi lra-coordinator-runner.jar[3090] INFO  [com.arj.ats.arjuna] (XNIO-1 task-1) ARJUNA012170: TransactionStatusManager started on port 39695 and host 127.0.0.1 with service com.arjuna.ats.arjuna.recovery.ActionStatusService
2019-03-29 07:55:54,918 set-fi lra-coordinator-runner.jar[3090] INFO  [io.quarkus] (main) Quarkus stopped in 0.011s
2019-03-29 07:58:08,138 set-fi lra-coordinator-runner.jar[3452] WARN  [org.jbo.res.res.i18n] (main) RESTEASY002175: The use of javax.ws.rs.core.Application is deprecated, please use javax.ws.rs.Application as a context-param instead
2019-03-29 07:58:08,239 set-fi lra-coordinator-runner.jar[3452] DEBUG [org.jbo.res.res.i18n] (main) RESTEASY002225: Deploying javax.ws.rs.core.Application: class io.narayana.lra.coordinator.api.JaxRsActivator
2019-03-29 07:58:08,378 set-fi lra-coordinator-runner.jar[3452] DEBUG [org.xnio] (main) XNIO version 3.7.0.Final
2019-03-29 07:58:08,389 set-fi lra-coordinator-runner.jar[3452] DEBUG [org.xni.nio] (main) XNIO NIO Implementation Version 3.7.0.Final
2019-03-29 07:58:08,439 set-fi lra-coordinator-runner.jar[3452] DEBUG [org.jbo.threads] (main) JBoss Threads version 3.0.0.Alpha4
2019-03-29 07:58:08,482 set-fi lra-coordinator-runner.jar[3452] INFO  [io.quarkus] (main) Quarkus 0.12.0 started in 0.762s. Listening on: http://[::]:8080
2019-03-29 07:58:08,482 set-fi lra-coordinator-runner.jar[3452] INFO  [io.quarkus] (main) Installed features: [cdi, resteasy, resteasy-jsonb]
2019-03-29 07:58:12,358 set-fi lra-coordinator-runner.jar[3452] INFO  [com.arj.ats.arjuna] (XNIO-1 task-1) ARJUNA012170: TransactionStatusManager started on port 45033 and host 127.0.0.1 with service com.arjuna.ats.arjuna.recovery.ActionStatusService
2019-03-29 07:58:20,468 set-fi lra-coordinator-runner.jar[3452] INFO  [io.quarkus] (main) Quarkus stopped in 0.011s
2019-03-29 08:07:24,224 set-fi lra-coordinator-runner.jar[4791] WARN  [org.jbo.res.res.i18n] (main) RESTEASY002175: The use of javax.ws.rs.core.Application is deprecated, please use javax.ws.rs.Application as a context-param instead
2019-03-29 08:07:24,326 set-fi lra-coordinator-runner.jar[4791] DEBUG [org.jbo.res.res.i18n] (main) RESTEASY002225: Deploying javax.ws.rs.core.Application: class io.narayana.lra.coordinator.api.JaxRsActivator
2019-03-29 08:07:24,454 set-fi lra-coordinator-runner.jar[4791] DEBUG [org.xnio] (main) XNIO version 3.7.0.Final
2019-03-29 08:07:24,467 set-fi lra-coordinator-runner.jar[4791] DEBUG [org.xni.nio] (main) XNIO NIO Implementation Version 3.7.0.Final
2019-03-29 08:07:24,517 set-fi lra-coordinator-runner.jar[4791] DEBUG [org.jbo.threads] (main) JBoss Threads version 3.0.0.Alpha4
2019-03-29 08:07:24,560 set-fi lra-coordinator-runner.jar[4791] INFO  [io.quarkus] (main) Quarkus 0.12.0 started in 0.728s. Listening on: http://[::]:8080
2019-03-29 08:07:24,560 set-fi lra-coordinator-runner.jar[4791] INFO  [io.quarkus] (main) Installed features: [cdi, resteasy, resteasy-jsonb]
2019-03-29 08:07:27,606 set-fi lra-coordinator-runner.jar[4791] INFO  [com.arj.ats.arjuna] (XNIO-1 task-1) ARJUNA012170: TransactionStatusManager started on port 44873 and host 127.0.0.1 with service com.arjuna.ats.arjuna.recovery.ActionStatusService
2019-03-29 08:07:33,015 set-fi lra-coordinator-runner.jar[4791] INFO  [io.quarkus] (main) Quarkus stopped in 0.011s
2019-03-29 08:07:55,493 set-fi lra-coordinator-runner.jar[5146] WARN  [org.jbo.res.res.i18n] (main) RESTEASY002175: The use of javax.ws.rs.core.Application is deprecated, please use javax.ws.rs.Application as a context-param instead
2019-03-29 08:07:55,593 set-fi lra-coordinator-runner.jar[5146] DEBUG [org.jbo.res.res.i18n] (main) RESTEASY002225: Deploying javax.ws.rs.core.Application: class io.narayana.lra.coordinator.api.JaxRsActivator
2019-03-29 08:07:55,716 set-fi lra-coordinator-runner.jar[5146] DEBUG [org.xnio] (main) XNIO version 3.7.0.Final
2019-03-29 08:07:55,727 set-fi lra-coordinator-runner.jar[5146] DEBUG [org.xni.nio] (main) XNIO NIO Implementation Version 3.7.0.Final
2019-03-29 08:07:55,777 set-fi lra-coordinator-runner.jar[5146] DEBUG [org.jbo.threads] (main) JBoss Threads version 3.0.0.Alpha4
2019-03-29 08:07:55,823 set-fi lra-coordinator-runner.jar[5146] INFO  [io.quarkus] (main) Quarkus 0.12.0 started in 0.743s. Listening on: http://[::]:8080
2019-03-29 08:07:55,823 set-fi lra-coordinator-runner.jar[5146] INFO  [io.quarkus] (main) Installed features: [cdi, resteasy, resteasy-jsonb]
2019-03-29 08:07:57,327 set-fi lra-coordinator-runner.jar[5146] INFO  [com.arj.ats.arjuna] (XNIO-1 task-1) ARJUNA012170: TransactionStatusManager started on port 35303 and host 127.0.0.1 with service com.arjuna.ats.arjuna.recovery.ActionStatusService
2019-03-29 08:08:00,824 set-fi lra-coordinator-runner.jar[5146] INFO  [io.quarkus] (main) Quarkus stopped in 0.006s
